<?xml version="1.0" encoding="UTF-8"?>
<testng-results skipped="0" failed="0" ignored="0" total="2" passed="2">
  <reporter-output>
  </reporter-output>
  <suite name="Default suite" duration-ms="13609" started-at="2021-02-27T10:14:47Z" finished-at="2021-02-27T10:15:00Z">
    <groups>
    </groups>
    <test name="Default test" duration-ms="13609" started-at="2021-02-27T10:14:47Z" finished-at="2021-02-27T10:15:00Z">
      <class name="com.Test.LoginTest">
        <test-method status="PASS" signature="setUp()[pri:0, instance:com.Test.LoginTest@17c386de]" name="setUp" is-config="true" duration-ms="5765" started-at="2021-02-27T10:14:47Z" finished-at="2021-02-27T10:14:53Z">
          <reporter-output>
          </reporter-output>
        </test-method> <!-- setUp -->
        <test-method status="PASS" signature="test02()[pri:0, instance:com.Test.LoginTest@17c386de]" name="test02" duration-ms="2423" started-at="2021-02-27T10:14:53Z" finished-at="2021-02-27T10:14:55Z">
          <reporter-output>
          </reporter-output>
        </test-method> <!-- test02 -->
        <test-method status="PASS" signature="setUp()[pri:0, instance:com.Test.LoginTest@17c386de]" name="setUp" is-config="true" duration-ms="5016" started-at="2021-02-27T10:14:55Z" finished-at="2021-02-27T10:15:00Z">
          <reporter-output>
          </reporter-output>
        </test-method> <!-- setUp -->
        <test-method status="PASS" signature="validLoginTest()[pri:0, instance:com.Test.LoginTest@17c386de]" name="validLoginTest" duration-ms="357" started-at="2021-02-27T10:15:00Z" finished-at="2021-02-27T10:15:00Z">
          <reporter-output>
          </reporter-output>
        </test-method> <!-- validLoginTest -->
      </class> <!-- com.Test.LoginTest -->
    </test> <!-- Default test -->
  </suite> <!-- Default suite -->
</testng-results>
